# JRE version: Java(TM) SE Runtime Environment (8.0_152-b16) (build 1.8.0_152-b16)
# Java VM: Java HotSpot(TM) 64-Bit Server VM (25.152-b16 mixed mode windows-amd64 compressed oops)
Heap:
 PSYoungGen      total 2796544K, used 1646567K [0x00000006c0000000, 0x00000007c0000000, 0x00000007c0000000)
  eden space 1398784K, 95% used [0x00000006c0000000,0x0000000711f42bb8,0x0000000715600000)
  from space 1397760K, 21% used [0x000000076ab00000,0x000000077d3b72e0,0x00000007c0000000)
  to   space 1397760K, 0% used [0x0000000715600000,0x0000000715600000,0x000000076ab00000)
 ParOldGen       total 3288064K, used 1271806K [0x00000004c0000000, 0x0000000588b00000, 0x00000006c0000000)
  object space 3288064K, 38% used [0x00000004c0000000,0x000000050d9ff940,0x0000000588b00000)
 Metaspace       used 19520K, capacity 19698K, committed 19968K, reserved 1067008K
  class space    used 1442K, capacity 1501K, committed 1536K, reserved 1048576K
GC Heap History (10 events):
Event: 1027.737 GC heap before
{Heap before GC invocations=80 (full 14):
 PSYoungGen      total 2773504K, used 2300851K [0x00000006c0000000, 0x00000007c0000000, 0x00000007c0000000)
  eden space 1375744K, 100% used [0x00000006c0000000,0x0000000713f80000,0x0000000713f80000)
  from space 1397760K, 66% used [0x0000000713f80000,0x000000074c6ecca8,0x0000000769480000)
  to   space 1397760K, 0% used [0x000000076ab00000,0x000000076ab00000,0x00000007c0000000)
 ParOldGen       total 3288064K, used 2399490K [0x00000004c0000000, 0x0000000588b00000, 0x00000006c0000000)
  object space 3288064K, 72% used [0x00000004c0000000,0x0000000552740ab0,0x0000000588b00000)
 Metaspace       used 19446K, capacity 19570K, committed 19712K, reserved 1067008K
  class space    used 1442K, capacity 1501K, committed 1536K, reserved 1048576K
Event: 1028.080 GC heap after
Heap after GC invocations=80 (full 14):
 PSYoungGen      total 2796544K, used 758098K [0x00000006c0000000, 0x00000007c0000000, 0x00000007c0000000)
  eden space 1398784K, 0% used [0x00000006c0000000,0x00000006c0000000,0x0000000715600000)
  from space 1397760K, 54% used [0x000000076ab00000,0x0000000798f54a88,0x00000007c0000000)
  to   space 1397760K, 0% used [0x0000000715600000,0x0000000715600000,0x000000076ab00000)
 ParOldGen       total 3288064K, used 2788858K [0x00000004c0000000, 0x0000000588b00000, 0x00000006c0000000)
  object space 3288064K, 84% used [0x00000004c0000000,0x000000056a37e8e8,0x0000000588b00000)
 Metaspace       used 19446K, capacity 19570K, committed 19712K, reserved 1067008K
  class space    used 1442K, capacity 1501K, committed 1536K, reserved 1048576K
}
Event: 1028.080 GC heap before
{Heap before GC invocations=81 (full 15):
 PSYoungGen      total 2796544K, used 758098K [0x00000006c0000000, 0x00000007c0000000, 0x00000007c0000000)
  eden space 1398784K, 0% used [0x00000006c0000000,0x00000006c0000000,0x0000000715600000)
  from space 1397760K, 54% used [0x000000076ab00000,0x0000000798f54a88,0x00000007c0000000)
  to   space 1397760K, 0% used [0x0000000715600000,0x0000000715600000,0x000000076ab00000)
 ParOldGen       total 3288064K, used 2788858K [0x00000004c0000000, 0x0000000588b00000, 0x00000006c0000000)
  object space 3288064K, 84% used [0x00000004c0000000,0x000000056a37e8e8,0x0000000588b00000)
 Metaspace       used 19446K, capacity 19570K, committed 19712K, reserved 1067008K
  class space    used 1442K, capacity 1501K, committed 1536K, reserved 1048576K
Event: 1033.446 GC heap after
Heap after GC invocations=81 (full 15):
 PSYoungGen      total 2796544K, used 91024K [0x00000006c0000000, 0x00000007c0000000, 0x00000007c0000000)
  eden space 1398784K, 0% used [0x00000006c0000000,0x00000006c0000000,0x0000000715600000)
  from space 1397760K, 6% used [0x000000076ab00000,0x00000007703e42e8,0x00000007c0000000)
  to   space 1397760K, 0% used [0x0000000715600000,0x0000000715600000,0x000000076ab00000)
 ParOldGen       total 3288064K, used 3287978K [0x00000004c0000000, 0x0000000588b00000, 0x00000006c0000000)
  object space 3288064K, 99% used [0x00000004c0000000,0x0000000588aea930,0x0000000588b00000)
 Metaspace       used 19446K, capacity 19570K, committed 19712K, reserved 1067008K
  class space    used 1442K, capacity 1501K, committed 1536K, reserved 1048576K
}
Event: 1057.823 GC heap before
{Heap before GC invocations=82 (full 16):
 PSYoungGen      total 2796544K, used 1489808K [0x00000006c0000000, 0x00000007c0000000, 0x00000007c0000000)
  eden space 1398784K, 100% used [0x00000006c0000000,0x0000000715600000,0x0000000715600000)
  from space 1397760K, 6% used [0x000000076ab00000,0x00000007703e42e8,0x00000007c0000000)
  to   space 1397760K, 0% used [0x0000000715600000,0x0000000715600000,0x000000076ab00000)
 ParOldGen       total 3288064K, used 3287978K [0x00000004c0000000, 0x0000000588b00000, 0x00000006c0000000)
  object space 3288064K, 99% used [0x00000004c0000000,0x0000000588aea930,0x0000000588b00000)
 Metaspace       used 19456K, capacity 19570K, committed 19712K, reserved 1067008K
  class space    used 1442K, capacity 1501K, committed 1536K, reserved 1048576K
Event: 1058.439 GC heap after
Heap after GC invocations=82 (full 16):
 PSYoungGen      total 2796544K, used 0K [0x00000006c0000000, 0x00000007c0000000, 0x00000007c0000000)
  eden space 1398784K, 0% used [0x00000006c0000000,0x00000006c0000000,0x0000000715600000)
  from space 1397760K, 0% used [0x000000076ab00000,0x000000076ab00000,0x00000007c0000000)
  to   space 1397760K, 0% used [0x0000000715600000,0x0000000715600000,0x000000076ab00000)
 ParOldGen       total 3288064K, used 1099150K [0x00000004c0000000, 0x0000000588b00000, 0x00000006c0000000)
  object space 3288064K, 33% used [0x00000004c0000000,0x0000000503163840,0x0000000588b00000)
 Metaspace       used 19456K, capacity 19570K, committed 19712K, reserved 1067008K
  class space    used 1442K, capacity 1501K, committed 1536K, reserved 1048576K
}
Event: 1066.009 GC heap before
{Heap before GC invocations=83 (full 16):
 PSYoungGen      total 2796544K, used 1398784K [0x00000006c0000000, 0x00000007c0000000, 0x00000007c0000000)
  eden space 1398784K, 100% used [0x00000006c0000000,0x0000000715600000,0x0000000715600000)
  from space 1397760K, 0% used [0x000000076ab00000,0x000000076ab00000,0x00000007c0000000)
  to   space 1397760K, 0% used [0x0000000715600000,0x0000000715600000,0x000000076ab00000)
 ParOldGen       total 3288064K, used 1099150K [0x00000004c0000000, 0x0000000588b00000, 0x00000006c0000000)
  object space 3288064K, 33% used [0x00000004c0000000,0x0000000503163840,0x0000000588b00000)
 Metaspace       used 19486K, capacity 19698K, committed 19968K, reserved 1067008K
  class space    used 1442K, capacity 1501K, committed 1536K, reserved 1048576K
Event: 1066.075 GC heap after
Heap after GC invocations=83 (full 16):
 PSYoungGen      total 2796544K, used 172282K [0x00000006c0000000, 0x00000007c0000000, 0x00000007c0000000)
  eden space 1398784K, 0% used [0x00000006c0000000,0x00000006c0000000,0x0000000715600000)
  from space 1397760K, 12% used [0x0000000715600000,0x000000071fe3e8b8,0x000000076ab00000)
  to   space 1397760K, 0% used [0x000000076ab00000,0x000000076ab00000,0x00000007c0000000)
 ParOldGen       total 3288064K, used 1099150K [0x00000004c0000000, 0x0000000588b00000, 0x00000006c0000000)
  object space 3288064K, 33% used [0x00000004c0000000,0x0000000503163840,0x0000000588b00000)
 Metaspace       used 19486K, capacity 19698K, committed 19968K, reserved 1067008K
  class space    used 1442K, capacity 1501K, committed 1536K, reserved 1048576K
}
Event: 1067.127 GC heap before
{Heap before GC invocations=84 (full 16):
 PSYoungGen      total 2796544K, used 1571066K [0x00000006c0000000, 0x00000007c0000000, 0x00000007c0000000)
  eden space 1398784K, 100% used [0x00000006c0000000,0x0000000715600000,0x0000000715600000)
  from space 1397760K, 12% used [0x0000000715600000,0x000000071fe3e8b8,0x000000076ab00000)
  to   space 1397760K, 0% used [0x000000076ab00000,0x000000076ab00000,0x00000007c0000000)
 ParOldGen       total 3288064K, used 1099150K [0x00000004c0000000, 0x0000000588b00000, 0x00000006c0000000)
  object space 3288064K, 33% used [0x00000004c0000000,0x0000000503163840,0x0000000588b00000)
 Metaspace       used 19489K, capacity 19698K, committed 19968K, reserved 1067008K
  class space    used 1442K, capacity 1501K, committed 1536K, reserved 1048576K
Event: 1067.243 GC heap after
Heap after GC invocations=84 (full 16):
 PSYoungGen      total 2796544K, used 303836K [0x00000006c0000000, 0x00000007c0000000, 0x00000007c0000000)
  eden space 1398784K, 0% used [0x00000006c0000000,0x00000006c0000000,0x0000000715600000)
  from space 1397760K, 21% used [0x000000076ab00000,0x000000077d3b72e0,0x00000007c0000000)
  to   space 1397760K, 0% used [0x0000000715600000,0x0000000715600000,0x000000076ab00000)
 ParOldGen       total 3288064K, used 1271806K [0x00000004c0000000, 0x0000000588b00000, 0x00000006c0000000)
  object space 3288064K, 38% used [0x00000004c0000000,0x000000050d9ff940,0x0000000588b00000)
 Metaspace       used 19489K, capacity 19698K, committed 19968K, reserved 1067008K
  class space    used 1442K, capacity 1501K, committed 1536K, reserved 1048576K
}

